2023-11-26T13:01:48.889+05:30  INFO 3548 --- [main] com.example.student.StudentApplication   : Starting StudentApplication using Java 20.0.2 with PID 3548 (C:\Users\gokki\Downloads\student\student\target\classes started by gokki in C:\Users\gokki\Downloads\student\student)
2023-11-26T13:01:48.892+05:30  INFO 3548 --- [main] com.example.student.StudentApplication   : No active profile set, falling back to 1 default profile: "default"
2023-11-26T13:01:49.758+05:30  INFO 3548 --- [main] .s.d.r.c.RepositoryConfigurationDelegate : Bootstrapping Spring Data JPA repositories in DEFAULT mode.
2023-11-26T13:01:49.834+05:30  INFO 3548 --- [main] .s.d.r.c.RepositoryConfigurationDelegate : Finished Spring Data repository scanning in 65 ms. Found 2 JPA repository interfaces.
2023-11-26T13:01:50.562+05:30  INFO 3548 --- [main] o.s.b.w.embedded.tomcat.TomcatWebServer  : Tomcat initialized with port 8080 (http)
2023-11-26T13:01:50.572+05:30  INFO 3548 --- [main] o.apache.catalina.core.StandardService   : Starting service [Tomcat]
2023-11-26T13:01:50.573+05:30  INFO 3548 --- [main] o.apache.catalina.core.StandardEngine    : Starting Servlet engine: [Apache Tomcat/10.1.16]
2023-11-26T13:01:50.659+05:30  INFO 3548 --- [main] o.a.c.c.C.[Tomcat].[localhost].[/]       : Initializing Spring embedded WebApplicationContext
2023-11-26T13:01:50.660+05:30  INFO 3548 --- [main] w.s.c.ServletWebServerApplicationContext : Root WebApplicationContext: initialization completed in 1692 ms
2023-11-26T13:01:50.833+05:30  INFO 3548 --- [main] o.hibernate.jpa.internal.util.LogHelper  : HHH000204: Processing PersistenceUnitInfo [name: default]
2023-11-26T13:01:50.906+05:30  INFO 3548 --- [main] org.hibernate.Version                    : HHH000412: Hibernate ORM core version 6.3.1.Final
2023-11-26T13:01:50.938+05:30  INFO 3548 --- [main] o.h.c.internal.RegionFactoryInitiator    : HHH000026: Second-level cache disabled
2023-11-26T13:01:51.169+05:30  INFO 3548 --- [main] o.s.o.j.p.SpringPersistenceUnitInfo      : No LoadTimeWeaver setup: ignoring JPA class transformer
2023-11-26T13:01:51.195+05:30  INFO 3548 --- [main] com.zaxxer.hikari.HikariDataSource       : HikariPool-1 - Starting...
2023-11-26T13:01:51.377+05:30  INFO 3548 --- [main] com.zaxxer.hikari.pool.HikariPool        : HikariPool-1 - Added connection org.postgresql.jdbc.PgConnection@49b89425
2023-11-26T13:01:51.379+05:30  INFO 3548 --- [main] com.zaxxer.hikari.HikariDataSource       : HikariPool-1 - Start completed.
2023-11-26T13:01:52.136+05:30  INFO 3548 --- [main] o.h.e.t.j.p.i.JtaPlatformInitiator       : HHH000489: No JTA platform available (set 'hibernate.transaction.jta.platform' to enable JTA platform integration)
2023-11-26T13:01:52.204+05:30  INFO 3548 --- [main] j.LocalContainerEntityManagerFactoryBean : Initialized JPA EntityManagerFactory for persistence unit 'default'
2023-11-26T13:01:52.476+05:30  INFO 3548 --- [main] o.s.d.j.r.query.QueryEnhancerFactory     : Hibernate is in classpath; If applicable, HQL parser will be used.
2023-11-26T13:01:52.883+05:30  WARN 3548 --- [main] JpaBaseConfiguration$JpaWebConfiguration : spring.jpa.open-in-view is enabled by default. Therefore, database queries may be performed during view rendering. Explicitly configure spring.jpa.open-in-view to disable this warning
2023-11-26T13:01:53.186+05:30  INFO 3548 --- [main] o.s.b.w.embedded.tomcat.TomcatWebServer  : Tomcat started on port 8080 (http) with context path ''
2023-11-26T13:01:53.195+05:30  INFO 3548 --- [main] com.example.student.StudentApplication   : Started StudentApplication in 4.868 seconds (process running for 5.333)
2023-11-26T13:02:00.011+05:30  INFO 3548 --- [http-nio-8080-exec-1] o.a.c.c.C.[Tomcat].[localhost].[/]       : Initializing Spring DispatcherServlet 'dispatcherServlet'
2023-11-26T13:02:00.012+05:30  INFO 3548 --- [http-nio-8080-exec-1] o.s.web.servlet.DispatcherServlet        : Initializing Servlet 'dispatcherServlet'
2023-11-26T13:02:00.013+05:30  INFO 3548 --- [http-nio-8080-exec-1] o.s.web.servlet.DispatcherServlet        : Completed initialization in 1 ms
2023-11-26T13:02:00.055+05:30 ERROR 3548 --- [http-nio-8080-exec-1] c.e.s.controller.Studentcontroller       : error
2023-11-26T13:02:00.055+05:30  WARN 3548 --- [http-nio-8080-exec-1] c.e.s.controller.Studentcontroller       : warn
2023-11-26T13:02:00.055+05:30  INFO 3548 --- [http-nio-8080-exec-1] c.e.s.controller.Studentcontroller       : info
2023-11-26T13:02:20.875+05:30  INFO 3548 --- [SpringApplicationShutdownHook] j.LocalContainerEntityManagerFactoryBean : Closing JPA EntityManagerFactory for persistence unit 'default'
2023-11-26T13:02:20.878+05:30  INFO 3548 --- [SpringApplicationShutdownHook] com.zaxxer.hikari.HikariDataSource       : HikariPool-1 - Shutdown initiated...
2023-11-26T13:02:20.883+05:30  INFO 3548 --- [SpringApplicationShutdownHook] com.zaxxer.hikari.HikariDataSource       : HikariPool-1 - Shutdown completed.
2023-11-26T17:19:52.938+05:30  INFO 12800 --- [main] com.example.student.StudentApplication   : Starting StudentApplication using Java 20.0.2 with PID 12800 (C:\Users\gokki\Downloads\student\student\target\classes started by gokki in C:\Users\gokki\Downloads\student\student)
2023-11-26T17:19:52.941+05:30  INFO 12800 --- [main] com.example.student.StudentApplication   : No active profile set, falling back to 1 default profile: "default"
2023-11-26T17:19:53.850+05:30  INFO 12800 --- [main] .s.d.r.c.RepositoryConfigurationDelegate : Bootstrapping Spring Data JPA repositories in DEFAULT mode.
2023-11-26T17:19:53.907+05:30  INFO 12800 --- [main] .s.d.r.c.RepositoryConfigurationDelegate : Finished Spring Data repository scanning in 47 ms. Found 2 JPA repository interfaces.
2023-11-26T17:19:54.484+05:30  INFO 12800 --- [main] o.s.b.w.embedded.tomcat.TomcatWebServer  : Tomcat initialized with port 8080 (http)
2023-11-26T17:19:54.493+05:30  INFO 12800 --- [main] o.apache.catalina.core.StandardService   : Starting service [Tomcat]
2023-11-26T17:19:54.494+05:30  INFO 12800 --- [main] o.apache.catalina.core.StandardEngine    : Starting Servlet engine: [Apache Tomcat/10.1.16]
2023-11-26T17:19:54.547+05:30  INFO 12800 --- [main] o.a.c.c.C.[Tomcat].[localhost].[/]       : Initializing Spring embedded WebApplicationContext
2023-11-26T17:19:54.548+05:30  INFO 12800 --- [main] w.s.c.ServletWebServerApplicationContext : Root WebApplicationContext: initialization completed in 1554 ms
2023-11-26T17:19:54.698+05:30  INFO 12800 --- [main] o.hibernate.jpa.internal.util.LogHelper  : HHH000204: Processing PersistenceUnitInfo [name: default]
2023-11-26T17:19:54.753+05:30  INFO 12800 --- [main] org.hibernate.Version                    : HHH000412: Hibernate ORM core version 6.3.1.Final
2023-11-26T17:19:54.785+05:30  INFO 12800 --- [main] o.h.c.internal.RegionFactoryInitiator    : HHH000026: Second-level cache disabled
2023-11-26T17:19:54.994+05:30  INFO 12800 --- [main] o.s.o.j.p.SpringPersistenceUnitInfo      : No LoadTimeWeaver setup: ignoring JPA class transformer
2023-11-26T17:19:55.016+05:30  INFO 12800 --- [main] com.zaxxer.hikari.HikariDataSource       : HikariPool-1 - Starting...
2023-11-26T17:19:55.197+05:30  INFO 12800 --- [main] com.zaxxer.hikari.pool.HikariPool        : HikariPool-1 - Added connection org.postgresql.jdbc.PgConnection@159ac15f
2023-11-26T17:19:55.198+05:30  INFO 12800 --- [main] com.zaxxer.hikari.HikariDataSource       : HikariPool-1 - Start completed.
2023-11-26T17:19:55.982+05:30  INFO 12800 --- [main] o.h.e.t.j.p.i.JtaPlatformInitiator       : HHH000489: No JTA platform available (set 'hibernate.transaction.jta.platform' to enable JTA platform integration)
2023-11-26T17:19:56.049+05:30  INFO 12800 --- [main] j.LocalContainerEntityManagerFactoryBean : Initialized JPA EntityManagerFactory for persistence unit 'default'
2023-11-26T17:19:56.306+05:30  INFO 12800 --- [main] o.s.d.j.r.query.QueryEnhancerFactory     : Hibernate is in classpath; If applicable, HQL parser will be used.
2023-11-26T17:19:56.745+05:30  WARN 12800 --- [main] JpaBaseConfiguration$JpaWebConfiguration : spring.jpa.open-in-view is enabled by default. Therefore, database queries may be performed during view rendering. Explicitly configure spring.jpa.open-in-view to disable this warning
2023-11-26T17:19:57.079+05:30  INFO 12800 --- [main] o.s.b.w.embedded.tomcat.TomcatWebServer  : Tomcat started on port 8080 (http) with context path ''
2023-11-26T17:19:57.089+05:30  INFO 12800 --- [main] com.example.student.StudentApplication   : Started StudentApplication in 4.6 seconds (process running for 5.495)
2023-11-26T17:58:17.312+05:30  WARN 12800 --- [HikariPool-1 housekeeper] com.zaxxer.hikari.pool.HikariPool        : HikariPool-1 - Thread starvation or clock leap detected (housekeeper delta=1m51s364ms290µs500ns).
2023-11-26T19:04:55.519+05:30  WARN 12800 --- [HikariPool-1 housekeeper] com.zaxxer.hikari.pool.HikariPool        : HikariPool-1 - Thread starvation or clock leap detected (housekeeper delta=1h5m8s172ms838µs700ns).
2023-11-26T19:06:08.530+05:30  INFO 12800 --- [SpringApplicationShutdownHook] j.LocalContainerEntityManagerFactoryBean : Closing JPA EntityManagerFactory for persistence unit 'default'
2023-11-26T19:06:08.534+05:30  INFO 12800 --- [SpringApplicationShutdownHook] com.zaxxer.hikari.HikariDataSource       : HikariPool-1 - Shutdown initiated...
2023-11-26T19:06:08.537+05:30  INFO 12800 --- [SpringApplicationShutdownHook] com.zaxxer.hikari.HikariDataSource       : HikariPool-1 - Shutdown completed.
